<?xml version="1.0" encoding="UTF-8"?>
<testng-results skipped="0" failed="0" ignored="0" total="1" passed="1">
  <reporter-output>
  </reporter-output>
  <suite name="Suite" duration-ms="52780" started-at="2019-06-06T04:34:36Z" finished-at="2019-06-06T04:35:29Z">
    <groups>
    </groups>
    <test name="Test" duration-ms="52780" started-at="2019-06-06T04:34:36Z" finished-at="2019-06-06T04:35:29Z">
      <class name="test.TC1">
        <test-method status="PASS" signature="test1()[pri:0, instance:test.TC1@396a51ab]" name="test1" duration-ms="52746" started-at="2019-06-06T00:34:36Z" finished-at="2019-06-06T00:35:29Z">
          <reporter-output>
          </reporter-output>
        </test-method> <!-- test1 -->
      </class> <!-- test.TC1 -->
    </test> <!-- Test -->
  </suite> <!-- Suite -->
</testng-results>
